Model 0
|--- feature_3 <= 0.80
|   |--- class: 0
|--- feature_3 >  0.80
|   |--- feature_3 <= 1.75
|   |   |--- feature_2 <= 4.95
|   |   |   |--- feature_0 <= 5.15
|   |   |   |   |--- class: 1
|   |   |   |--- feature_0 >  5.15
|   |   |   |   |--- class: 1
|   |   |--- feature_2 >  4.95
|   |   |   |--- class: 2
|   |--- feature_3 >  1.75
|   |   |--- feature_2 <= 4.95
|   |   |   |--- class: 2
|   |   |--- feature_2 >  4.95
|   |   |   |--- class: 2

Model 1
|--- feature_2 <= 2.45
|   |--- class: 0
|--- feature_2 >  2.45
|   |--- feature_3 <= 1.75
|   |   |--- feature_2 <= 4.95
|   |   |   |--- class: 1
|   |   |--- feature_2 >  4.95
|   |   |   |--- class: 2
|   |--- feature_3 >  1.75
|   |   |--- feature_2 <= 4.85
|   |   |   |--- class: 2
|   |   |--- feature_2 >  4.85
|   |   |   |--- class: 2

Model 2
|--- feature_3 <= 0.80
|   |--- class: 0
|--- feature_3 >  0.80
|   |--- feature_3 <= 1.75
|   |   |--- class: 1
|   |--- feature_3 >  1.75
|   |   |--- class: 2

Model 3
|--- feature_2 <= 2.45
|   |--- class: 0
|--- feature_2 >  2.45
|   |--- feature_3 <= 1.75
|   |   |--- feature_2 <= 4.95
|   |   |   |--- feature_3 <= 1.65
|   |   |   |   |--- class: 1
|   |   |   |--- feature_3 >  1.65
|   |   |   |   |--- class: 2
|   |   |--- feature_2 >  4.95
|   |   |   |--- feature_3 <= 1.55
|   |   |   |   |--- class: 2
|   |   |   |--- feature_3 >  1.55
|   |   |   |   |--- class: 1
|   |--- feature_3 >  1.75
|   |   |--- feature_2 <= 4.85
|   |   |   |--- class: 2
|   |   |--- feature_2 >  4.85
|   |   |   |--- class: 2

Model 4
|--- feature_2 <= 2.45
|   |--- class: 0
|--- feature_2 >  2.45
|   |--- feature_3 <= 1.75
|   |   |--- feature_2 <= 4.95
|   |   |   |--- feature_0 <= 4.95
|   |   |   |   |--- class: 1
|   |   |   |--- feature_0 >  4.95
|   |   |   |   |--- class: 1
|   |   |--- feature_2 >  4.95
|   |   |   |--- feature_3 <= 1.55
|   |   |   |   |--- class: 2
|   |   |   |--- feature_3 >  1.55
|   |   |   |   |--- class: 1
|   |--- feature_3 >  1.75
|   |   |--- feature_2 <= 4.85
|   |   |   |--- class: 2
|   |   |--- feature_2 >  4.85
|   |   |   |--- class: 2

Model 5
|--- feature_3 <= 0.80
|   |--- class: 0
|--- feature_3 >  0.80
|   |--- feature_3 <= 1.75
|   |   |--- feature_2 <= 4.95
|   |   |   |--- feature_0 <= 5.15
|   |   |   |   |--- class: 1
|   |   |   |--- feature_0 >  5.15
|   |   |   |   |--- class: 1
|   |   |--- feature_2 >  4.95
|   |   |   |--- class: 2
|   |--- feature_3 >  1.75
|   |   |--- feature_2 <= 4.95
|   |   |   |--- class: 2
|   |   |--- feature_2 >  4.95
|   |   |   |--- class: 2

Model 6
|--- feature_2 <= 2.45
|   |--- class: 0
|--- feature_2 >  2.45
|   |--- feature_3 <= 1.75
|   |   |--- feature_2 <= 4.95
|   |   |   |--- feature_0 <= 5.15
|   |   |   |   |--- class: 1
|   |   |   |--- feature_0 >  5.15
|   |   |   |   |--- class: 1
|   |   |--- feature_2 >  4.95
|   |   |   |--- class: 2
|   |--- feature_3 >  1.75
|   |   |--- feature_2 <= 4.95
|   |   |   |--- class: 2
|   |   |--- feature_2 >  4.95
|   |   |   |--- class: 2

Model 7
|--- feature_3 <= 0.80
|   |--- class: 0
|--- feature_3 >  0.80
|   |--- feature_3 <= 1.75
|   |   |--- feature_2 <= 4.85
|   |   |   |--- feature_0 <= 5.45
|   |   |   |   |--- class: 1
|   |   |   |--- feature_0 >  5.45
|   |   |   |   |--- class: 1
|   |   |--- feature_2 >  4.85
|   |   |   |--- class: 1
|   |--- feature_3 >  1.75
|   |   |--- feature_0 <= 5.95
|   |   |   |--- class: 2
|   |   |--- feature_0 >  5.95
|   |   |   |--- class: 2

Model 8
|--- feature_3 <= 0.80
|   |--- class: 0
|--- feature_3 >  0.80
|   |--- feature_3 <= 1.75
|   |   |--- feature_2 <= 4.95
|   |   |   |--- class: 1
|   |   |--- feature_2 >  4.95
|   |   |   |--- class: 2
|   |--- feature_3 >  1.75
|   |   |--- feature_2 <= 4.95
|   |   |   |--- class: 2
|   |   |--- feature_2 >  4.95
|   |   |   |--- class: 2

Model 9
|--- feature_2 <= 2.45
|   |--- class: 0
|--- feature_2 >  2.45
|   |--- feature_3 <= 1.75
|   |   |--- class: 1
|   |--- feature_3 >  1.75
|   |   |--- class: 2

Model 10
|--- feature_3 <= 0.80
|   |--- class: 0
|--- feature_3 >  0.80
|   |--- class: 1

Model 11
|--- feature_2 <= 2.45
|   |--- class: 0
|--- feature_2 >  2.45
|   |--- feature_3 <= 1.75
|   |   |--- feature_2 <= 4.95
|   |   |   |--- feature_3 <= 1.65
|   |   |   |   |--- class: 1
|   |   |   |--- feature_3 >  1.65
|   |   |   |   |--- class: 2
|   |   |--- feature_2 >  4.95
|   |   |   |--- feature_3 <= 1.55
|   |   |   |   |--- class: 2
|   |   |   |--- feature_3 >  1.55
|   |   |   |   |--- class: 1
|   |--- feature_3 >  1.75
|   |   |--- feature_2 <= 4.85
|   |   |   |--- class: 2
|   |   |--- feature_2 >  4.85
|   |   |   |--- class: 2

Model 12
|--- feature_3 <= 0.80
|   |--- class: 0
|--- feature_3 >  0.80
|   |--- feature_3 <= 1.75
|   |   |--- feature_2 <= 4.65
|   |   |   |--- feature_2 <= 4.45
|   |   |   |   |--- class: 1
|   |   |   |--- feature_2 >  4.45
|   |   |   |   |--- class: 1
|   |   |--- feature_2 >  4.65
|   |   |   |--- class: 1
|   |--- feature_3 >  1.75
|   |   |--- feature_0 <= 6.25
|   |   |   |--- class: 2
|   |   |--- feature_0 >  6.25
|   |   |   |--- class: 2

Model 13
|--- feature_3 <= 0.80
|   |--- class: 0
|--- feature_3 >  0.80
|   |--- feature_3 <= 1.75
|   |   |--- feature_2 <= 4.95
|   |   |   |--- feature_0 <= 5.05
|   |   |   |   |--- class: 1
|   |   |   |--- feature_0 >  5.05
|   |   |   |   |--- class: 1
|   |   |--- feature_2 >  4.95
|   |   |   |--- class: 2
|   |--- feature_3 >  1.75
|   |   |--- feature_2 <= 4.95
|   |   |   |--- class: 2
|   |   |--- feature_2 >  4.95
|   |   |   |--- class: 2

Model 14
|--- feature_3 <= 0.80
|   |--- class: 0
|--- feature_3 >  0.80
|   |--- class: 1

